[debug] [2017-10-28T11:19:13.939Z] ----------------------------------------------------------------------
[debug] [2017-10-28T11:19:13.955Z] Command:       C:\Program Files\nodejs\node.exe C:\Users\Maye Edwin\AppData\Roaming\npm\node_modules\firebase-tools\bin\firebase deploy
[debug] [2017-10-28T11:19:13.955Z] CLI Version:   3.13.1
[debug] [2017-10-28T11:19:13.955Z] Platform:      win32
[debug] [2017-10-28T11:19:13.955Z] Node Version:  v8.8.1
[debug] [2017-10-28T11:19:13.955Z] Time:          Sat Oct 28 2017 14:19:13 GMT+0300 (E. Africa Standard Time)
[debug] [2017-10-28T11:19:13.955Z] ----------------------------------------------------------------------
[debug] 
[debug] [2017-10-28T11:19:14.123Z] > command requires scopes: ["email","openid","https://www.googleapis.com/auth/cloudplatformprojects.readonly","https://www.googleapis.com/auth/firebase","https://www.googleapis.com/auth/cloud-platform"]
[debug] [2017-10-28T11:19:14.139Z] > authorizing via signed-in user
[debug] [2017-10-28T11:19:14.139Z] > refreshing access token with scopes: ["email","https://www.googleapis.com/auth/cloud-platform","https://www.googleapis.com/auth/cloudplatformprojects.readonly","https://www.googleapis.com/auth/firebase","openid"]
[debug] [2017-10-28T11:19:14.139Z] >>> HTTP REQUEST POST https://www.googleapis.com/oauth2/v3/token { refresh_token: '1/cnq8kQM3qDjbi5ZN67whIPZFSh1Zlois3wu8hVfxHL8',
  client_id: '563584335869-fgrhgmd47bqnekij5i8b5pr03ho849e6.apps.googleusercontent.com',
  client_secret: 'j9iVZfS8kkCEFUPaAeJV0sAi',
  grant_type: 'refresh_token',
  scope: 'email https://www.googleapis.com/auth/cloud-platform https://www.googleapis.com/auth/cloudplatformprojects.readonly https://www.googleapis.com/auth/firebase openid' } 
 Sat Oct 28 2017 14:19:14 GMT+0300 (E. Africa Standard Time)
[debug] [2017-10-28T11:19:14.655Z] <<< HTTP RESPONSE 200
[debug] [2017-10-28T11:19:14.808Z] >>> HTTP REQUEST GET https://admin.firebase.com/v1/projects/mayeedwin1  
 Sat Oct 28 2017 14:19:14 GMT+0300 (E. Africa Standard Time)
[debug] [2017-10-28T11:19:16.383Z] <<< HTTP RESPONSE 200
[debug] [2017-10-28T11:19:16.399Z] >>> HTTP REQUEST GET https://admin.firebase.com/v1/database/mayeedwin1/tokens  
 Sat Oct 28 2017 14:19:16 GMT+0300 (E. Africa Standard Time)
[debug] [2017-10-28T11:19:17.485Z] <<< HTTP RESPONSE 200
[info] 3
[info] 
[info] === Deploying to 'mayeedwin1'...
[info] 
[info] i  deploying database, functions, hosting
[info] i  database: checking rules syntax...
[debug] [2017-10-28T11:19:20.044Z] >>> HTTP REQUEST PUT https://mayeedwin1.firebaseio.com/.settings/rules.json?dryRun=true {
  "rules": {
    ".read": "auth != null",
    ".write": "auth != null"
  }
} 
 Sat Oct 28 2017 14:19:20 GMT+0300 (E. Africa Standard Time)
[debug] [2017-10-28T11:19:21.204Z] <<< HTTP RESPONSE 200
[info] +  database: rules syntax is valid
[debug] [2017-10-28T11:19:21.220Z] > [functions] package.json contents: {
  "name": "functions",
  "description": "Cloud Functions for Firebase",
  "dependencies": {
    "firebase-admin": "~5.4.0",
    "firebase-functions": "^0.7.0"
  },
  "private": true
}
[info] i  functions: ensuring necessary APIs are enabled...
[info] i  runtimeconfig: ensuring necessary APIs are enabled...
[debug] [2017-10-28T11:19:21.251Z] >>> HTTP REQUEST GET https://servicemanagement.googleapis.com/v1/services/cloudfunctions.googleapis.com/projectSettings/mayeedwin1?view=CONSUMER_VIEW  
 Sat Oct 28 2017 14:19:21 GMT+0300 (E. Africa Standard Time)
[debug] [2017-10-28T11:19:21.251Z] >>> HTTP REQUEST GET https://servicemanagement.googleapis.com/v1/services/runtimeconfig.googleapis.com/projectSettings/mayeedwin1?view=CONSUMER_VIEW  
 Sat Oct 28 2017 14:19:21 GMT+0300 (E. Africa Standard Time)
[debug] [2017-10-28T11:19:22.977Z] <<< HTTP RESPONSE 200
[info] +  runtimeconfig: all necessary APIs are enabled
[debug] [2017-10-28T11:19:23.077Z] <<< HTTP RESPONSE 200
[info] +  functions: all necessary APIs are enabled
[debug] [2017-10-28T11:19:23.092Z] >>> HTTP REQUEST GET https://appengine.googleapis.com/v1/apps/mayeedwin1  
 Sat Oct 28 2017 14:19:23 GMT+0300 (E. Africa Standard Time)
[debug] [2017-10-28T11:19:23.092Z] >>> HTTP REQUEST GET https://apikeys.googleapis.com/v1/projects/mayeedwin1/apiKeys  
 Sat Oct 28 2017 14:19:23 GMT+0300 (E. Africa Standard Time)
[debug] [2017-10-28T11:19:24.981Z] <<< HTTP RESPONSE 200
[debug] [2017-10-28T11:19:25.115Z] <<< HTTP RESPONSE 200
[info] i  functions: preparing functions directory for uploading...
[debug] [2017-10-28T11:27:30.006Z] >>> HTTP REQUEST GET https://runtimeconfig.googleapis.com/v1beta1/projects/mayeedwin1/configs  
 Sat Oct 28 2017 14:27:30 GMT+0300 (E. Africa Standard Time)
[debug] [2017-10-28T11:27:30.561Z] <<< HTTP RESPONSE 200
[info] i  hosting: preparing dist directory for upload...
[debug] [2017-10-28T11:27:33.634Z] TypeError: no files or directories specified
    at Object.module.exports (C:\Users\Maye Edwin\AppData\Roaming\npm\node_modules\firebase-tools\node_modules\tar\lib\create.js:19:11)
    at module.exports (C:\Users\Maye Edwin\AppData\Roaming\npm\node_modules\firebase-tools\lib\prepareUpload.js:21:14)
    at module.exports (C:\Users\Maye Edwin\AppData\Roaming\npm\node_modules\firebase-tools\lib\deploy\hosting\deploy.js:23:10)
    at _chain (C:\Users\Maye Edwin\AppData\Roaming\npm\node_modules\firebase-tools\lib\deploy\index.js:22:45)
    at C:\Users\Maye Edwin\AppData\Roaming\npm\node_modules\firebase-tools\lib\deploy\index.js:25:14
    at tryCatch (C:\Users\Maye Edwin\AppData\Roaming\npm\node_modules\firebase-tools\node_modules\rsvp\dist\rsvp.js:525:12)
    at invokeCallback (C:\Users\Maye Edwin\AppData\Roaming\npm\node_modules\firebase-tools\node_modules\rsvp\dist\rsvp.js:538:13)
    at publish (C:\Users\Maye Edwin\AppData\Roaming\npm\node_modules\firebase-tools\node_modules\rsvp\dist\rsvp.js:508:7)
    at flush (C:\Users\Maye Edwin\AppData\Roaming\npm\node_modules\firebase-tools\node_modules\rsvp\dist\rsvp.js:2415:5)
    at _combinedTickCallback (internal/process/next_tick.js:131:7)
[error] 
[error] Error: An unexpected error has occurred.
