[debug] [2017-10-31T07:55:29.652Z] ----------------------------------------------------------------------
[debug] [2017-10-31T07:55:29.652Z] Command:       C:\Program Files\nodejs\node.exe C:\Users\Maye Edwin\AppData\Roaming\npm\node_modules\firebase-tools\bin\firebase deploy
[debug] [2017-10-31T07:55:29.652Z] CLI Version:   3.13.1
[debug] [2017-10-31T07:55:29.652Z] Platform:      win32
[debug] [2017-10-31T07:55:29.652Z] Node Version:  v8.8.1
[debug] [2017-10-31T07:55:29.824Z] Time:          Tue Oct 31 2017 10:55:29 GMT+0300 (E. Africa Standard Time)
[debug] [2017-10-31T07:55:29.824Z] ----------------------------------------------------------------------
[debug] 
[debug] [2017-10-31T07:55:29.949Z] > command requires scopes: ["email","openid","https://www.googleapis.com/auth/cloudplatformprojects.readonly","https://www.googleapis.com/auth/firebase","https://www.googleapis.com/auth/cloud-platform"]
[debug] [2017-10-31T07:55:29.949Z] > authorizing via signed-in user
[debug] [2017-10-31T07:55:29.949Z] >>> HTTP REQUEST GET https://admin.firebase.com/v1/projects/mayeedwin1  
 Tue Oct 31 2017 10:55:29 GMT+0300 (E. Africa Standard Time)
[debug] [2017-10-31T07:55:31.938Z] <<< HTTP RESPONSE 200
[debug] [2017-10-31T07:55:31.954Z] >>> HTTP REQUEST GET https://admin.firebase.com/v1/database/mayeedwin1/tokens  
 Tue Oct 31 2017 10:55:31 GMT+0300 (E. Africa Standard Time)
[debug] [2017-10-31T07:55:32.954Z] <<< HTTP RESPONSE 200
[info] 3
[info] 
[info] === Deploying to 'mayeedwin1'...
[info] 
[info] i  deploying database, functions, hosting
[info] i  database: checking rules syntax...
[debug] [2017-10-31T07:55:35.891Z] >>> HTTP REQUEST PUT https://mayeedwin1.firebaseio.com/.settings/rules.json?dryRun=true {
  "rules": {
    ".read": "auth != null",
    ".write": "auth != null"
  }
} 
 Tue Oct 31 2017 10:55:35 GMT+0300 (E. Africa Standard Time)
[debug] [2017-10-31T07:55:37.100Z] <<< HTTP RESPONSE 200
[info] +  database: rules syntax is valid
[debug] [2017-10-31T07:55:37.132Z] > [functions] package.json contents: {
  "name": "functions",
  "description": "Cloud Functions for Firebase",
  "dependencies": {
    "firebase-admin": "~5.4.0",
    "firebase-functions": "^0.7.0"
  },
  "private": true
}
[info] i  functions: ensuring necessary APIs are enabled...
[info] i  runtimeconfig: ensuring necessary APIs are enabled...
[debug] [2017-10-31T07:55:37.147Z] >>> HTTP REQUEST GET https://servicemanagement.googleapis.com/v1/services/cloudfunctions.googleapis.com/projectSettings/mayeedwin1?view=CONSUMER_VIEW  
 Tue Oct 31 2017 10:55:37 GMT+0300 (E. Africa Standard Time)
[debug] [2017-10-31T07:55:37.147Z] >>> HTTP REQUEST GET https://servicemanagement.googleapis.com/v1/services/runtimeconfig.googleapis.com/projectSettings/mayeedwin1?view=CONSUMER_VIEW  
 Tue Oct 31 2017 10:55:37 GMT+0300 (E. Africa Standard Time)
[debug] [2017-10-31T07:55:38.977Z] <<< HTTP RESPONSE 200
[info] +  functions: all necessary APIs are enabled
[debug] [2017-10-31T07:55:38.977Z] <<< HTTP RESPONSE 200
[info] +  runtimeconfig: all necessary APIs are enabled
[debug] [2017-10-31T07:55:38.977Z] >>> HTTP REQUEST GET https://appengine.googleapis.com/v1/apps/mayeedwin1  
 Tue Oct 31 2017 10:55:38 GMT+0300 (E. Africa Standard Time)
[debug] [2017-10-31T07:55:38.977Z] >>> HTTP REQUEST GET https://apikeys.googleapis.com/v1/projects/mayeedwin1/apiKeys  
 Tue Oct 31 2017 10:55:38 GMT+0300 (E. Africa Standard Time)
[debug] [2017-10-31T07:55:40.746Z] <<< HTTP RESPONSE 200
[debug] [2017-10-31T07:55:40.792Z] <<< HTTP RESPONSE 200
